[16-Jun-2025 20:59:05 UTC] Mottasl API Error: Mottasl Business ID is not configured.
[16-Jun-2025 20:59:07 UTC] MOTTASL DEBUG: Calling admin_settings->init().
[16-Jun-2025 20:59:07 UTC] MOTTASL DEBUG: Calling order_handler->init().
[16-Jun-2025 20:59:07 UTC] MOTTASL DEBUG: Calling abandoned_cart_handler->init().
[16-Jun-2025 20:59:09 UTC] MOTTASL DEBUG: Calling admin_settings->init().
[16-Jun-2025 20:59:09 UTC] MOTTASL DEBUG: Calling order_handler->init().
[16-Jun-2025 20:59:09 UTC] MOTTASL DEBUG: Calling abandoned_cart_handler->init().
[16-Jun-2025 20:59:19 UTC] MOTTASL DEBUG: Calling admin_settings->init().
[16-Jun-2025 20:59:19 UTC] MOTTASL DEBUG: Calling order_handler->init().
[16-Jun-2025 20:59:19 UTC] MOTTASL DEBUG: Calling abandoned_cart_handler->init().
[16-Jun-2025 21:00:20 UTC] MOTTASL DEBUG: Calling admin_settings->init().
[16-Jun-2025 21:00:20 UTC] MOTTASL DEBUG: Calling order_handler->init().
[16-Jun-2025 21:00:20 UTC] MOTTASL DEBUG: Calling abandoned_cart_handler->init().
[16-Jun-2025 21:01:42 UTC] MOTTASL DEBUG: Calling admin_settings->init().
[16-Jun-2025 21:01:42 UTC] MOTTASL DEBUG: Calling order_handler->init().
[16-Jun-2025 21:01:42 UTC] MOTTASL DEBUG: Calling abandoned_cart_handler->init().
[16-Jun-2025 21:02:42 UTC] MOTTASL DEBUG: Calling admin_settings->init().
[16-Jun-2025 21:02:42 UTC] MOTTASL DEBUG: Calling order_handler->init().
[16-Jun-2025 21:02:42 UTC] MOTTASL DEBUG: Calling abandoned_cart_handler->init().
[16-Jun-2025 21:02:47 UTC] MOTTASL DEBUG: Calling admin_settings->init().
[16-Jun-2025 21:02:47 UTC] MOTTASL DEBUG: Calling order_handler->init().
[16-Jun-2025 21:02:47 UTC] MOTTASL DEBUG: Calling abandoned_cart_handler->init().
[16-Jun-2025 21:02:48 UTC] Mottasl DEBUG: Relevant API settings changed. Re-sending installation confirmation.
[16-Jun-2025 21:02:48 UTC] Mottasl API HTTP Error (/app.event): Status 500 | URL: https://f414-102-184-121-206.ngrok-free.app/api/v1/integration/events/woocommerce/app.event | Response: record not found
[16-Jun-2025 21:02:49 UTC] MOTTASL DEBUG: Calling admin_settings->init().
[16-Jun-2025 21:02:49 UTC] MOTTASL DEBUG: Calling order_handler->init().
[16-Jun-2025 21:02:49 UTC] MOTTASL DEBUG: Calling abandoned_cart_handler->init().
[16-Jun-2025 21:03:50 UTC] MOTTASL DEBUG: Calling admin_settings->init().
[16-Jun-2025 21:03:50 UTC] MOTTASL DEBUG: Calling order_handler->init().
[16-Jun-2025 21:03:50 UTC] MOTTASL DEBUG: Calling abandoned_cart_handler->init().
[16-Jun-2025 21:05:51 UTC] MOTTASL DEBUG: Calling admin_settings->init().
[16-Jun-2025 21:05:51 UTC] MOTTASL DEBUG: Calling order_handler->init().
[16-Jun-2025 21:05:51 UTC] MOTTASL DEBUG: Calling abandoned_cart_handler->init().
[16-Jun-2025 21:07:52 UTC] MOTTASL DEBUG: Calling admin_settings->init().
[16-Jun-2025 21:07:52 UTC] MOTTASL DEBUG: Calling order_handler->init().
[16-Jun-2025 21:07:52 UTC] MOTTASL DEBUG: Calling abandoned_cart_handler->init().
[16-Jun-2025 21:09:51 UTC] MOTTASL DEBUG: Calling admin_settings->init().
[16-Jun-2025 21:09:51 UTC] MOTTASL DEBUG: Calling order_handler->init().
[16-Jun-2025 21:09:51 UTC] MOTTASL DEBUG: Calling abandoned_cart_handler->init().
[16-Jun-2025 21:11:52 UTC] MOTTASL DEBUG: Calling admin_settings->init().
[16-Jun-2025 21:11:52 UTC] MOTTASL DEBUG: Calling order_handler->init().
[16-Jun-2025 21:11:52 UTC] MOTTASL DEBUG: Calling abandoned_cart_handler->init().
[16-Jun-2025 21:13:53 UTC] MOTTASL DEBUG: Calling admin_settings->init().
[16-Jun-2025 21:13:53 UTC] MOTTASL DEBUG: Calling order_handler->init().
[16-Jun-2025 21:13:53 UTC] MOTTASL DEBUG: Calling abandoned_cart_handler->init().
[16-Jun-2025 21:15:52 UTC] MOTTASL DEBUG: Calling admin_settings->init().
[16-Jun-2025 21:15:52 UTC] MOTTASL DEBUG: Calling order_handler->init().
[16-Jun-2025 21:15:52 UTC] MOTTASL DEBUG: Calling abandoned_cart_handler->init().
[16-Jun-2025 21:17:52 UTC] MOTTASL DEBUG: Calling admin_settings->init().
[16-Jun-2025 21:17:52 UTC] MOTTASL DEBUG: Calling order_handler->init().
[16-Jun-2025 21:17:52 UTC] MOTTASL DEBUG: Calling abandoned_cart_handler->init().
[16-Jun-2025 21:19:52 UTC] MOTTASL DEBUG: Calling admin_settings->init().
[16-Jun-2025 21:19:52 UTC] MOTTASL DEBUG: Calling order_handler->init().
[16-Jun-2025 21:19:52 UTC] MOTTASL DEBUG: Calling abandoned_cart_handler->init().
[16-Jun-2025 21:19:54 UTC] MOTTASL DEBUG: Calling admin_settings->init().
[16-Jun-2025 21:19:54 UTC] MOTTASL DEBUG: Calling order_handler->init().
[16-Jun-2025 21:19:54 UTC] MOTTASL DEBUG: Calling abandoned_cart_handler->init().
[16-Jun-2025 21:19:54 UTC] MOTTASL DEBUG: Calling admin_settings->init().
[16-Jun-2025 21:19:54 UTC] MOTTASL DEBUG: Calling order_handler->init().
[16-Jun-2025 21:19:54 UTC] MOTTASL DEBUG: Calling abandoned_cart_handler->init().
[16-Jun-2025 21:20:56 UTC] MOTTASL DEBUG: Calling admin_settings->init().
[16-Jun-2025 21:20:56 UTC] MOTTASL DEBUG: Calling order_handler->init().
[16-Jun-2025 21:20:56 UTC] MOTTASL DEBUG: Calling abandoned_cart_handler->init().
[16-Jun-2025 21:22:56 UTC] MOTTASL DEBUG: Calling admin_settings->init().
[16-Jun-2025 21:22:56 UTC] MOTTASL DEBUG: Calling order_handler->init().
[16-Jun-2025 21:22:56 UTC] MOTTASL DEBUG: Calling abandoned_cart_handler->init().
[16-Jun-2025 21:24:57 UTC] MOTTASL DEBUG: Calling admin_settings->init().
[16-Jun-2025 21:24:57 UTC] MOTTASL DEBUG: Calling order_handler->init().
[16-Jun-2025 21:24:57 UTC] MOTTASL DEBUG: Calling abandoned_cart_handler->init().
[16-Jun-2025 21:26:57 UTC] MOTTASL DEBUG: Calling admin_settings->init().
[16-Jun-2025 21:26:57 UTC] MOTTASL DEBUG: Calling order_handler->init().
[16-Jun-2025 21:26:57 UTC] MOTTASL DEBUG: Calling abandoned_cart_handler->init().
[16-Jun-2025 21:28:58 UTC] MOTTASL DEBUG: Calling admin_settings->init().
[16-Jun-2025 21:28:58 UTC] MOTTASL DEBUG: Calling order_handler->init().
[16-Jun-2025 21:28:58 UTC] MOTTASL DEBUG: Calling abandoned_cart_handler->init().
[16-Jun-2025 21:30:58 UTC] MOTTASL DEBUG: Calling admin_settings->init().
[16-Jun-2025 21:30:58 UTC] MOTTASL DEBUG: Calling order_handler->init().
[16-Jun-2025 21:30:58 UTC] MOTTASL DEBUG: Calling abandoned_cart_handler->init().
[16-Jun-2025 21:32:59 UTC] MOTTASL DEBUG: Calling admin_settings->init().
[16-Jun-2025 21:32:59 UTC] MOTTASL DEBUG: Calling order_handler->init().
[16-Jun-2025 21:32:59 UTC] MOTTASL DEBUG: Calling abandoned_cart_handler->init().
[16-Jun-2025 21:34:59 UTC] MOTTASL DEBUG: Calling admin_settings->init().
[16-Jun-2025 21:34:59 UTC] MOTTASL DEBUG: Calling order_handler->init().
[16-Jun-2025 21:34:59 UTC] MOTTASL DEBUG: Calling abandoned_cart_handler->init().
[16-Jun-2025 21:36:00 UTC] MOTTASL DEBUG: Calling admin_settings->init().
[16-Jun-2025 21:36:00 UTC] MOTTASL DEBUG: Calling order_handler->init().
[16-Jun-2025 21:36:00 UTC] MOTTASL DEBUG: Calling abandoned_cart_handler->init().
[16-Jun-2025 21:37:59 UTC] MOTTASL DEBUG: Calling admin_settings->init().
[16-Jun-2025 21:37:59 UTC] MOTTASL DEBUG: Calling order_handler->init().
[16-Jun-2025 21:37:59 UTC] MOTTASL DEBUG: Calling abandoned_cart_handler->init().
[16-Jun-2025 21:38:19 UTC] MOTTASL DEBUG: Calling admin_settings->init().
[16-Jun-2025 21:38:19 UTC] MOTTASL DEBUG: Calling order_handler->init().
[16-Jun-2025 21:38:19 UTC] MOTTASL DEBUG: Calling abandoned_cart_handler->init().
[16-Jun-2025 21:38:30 UTC] MOTTASL DEBUG: Calling admin_settings->init().
[16-Jun-2025 21:38:30 UTC] MOTTASL DEBUG: Calling order_handler->init().
[16-Jun-2025 21:38:30 UTC] MOTTASL DEBUG: Calling abandoned_cart_handler->init().
[16-Jun-2025 21:38:31 UTC] Mottasl DEBUG: Relevant API settings changed. Re-sending installation confirmation.
[16-Jun-2025 21:38:32 UTC] MOTTASL DEBUG: Calling admin_settings->init().
[16-Jun-2025 21:38:32 UTC] MOTTASL DEBUG: Calling order_handler->init().
[16-Jun-2025 21:38:32 UTC] MOTTASL DEBUG: Calling abandoned_cart_handler->init().
[16-Jun-2025 21:39:32 UTC] MOTTASL DEBUG: Calling admin_settings->init().
[16-Jun-2025 21:39:32 UTC] MOTTASL DEBUG: Calling order_handler->init().
[16-Jun-2025 21:39:32 UTC] MOTTASL DEBUG: Calling abandoned_cart_handler->init().
[16-Jun-2025 21:41:32 UTC] MOTTASL DEBUG: Calling admin_settings->init().
[16-Jun-2025 21:41:32 UTC] MOTTASL DEBUG: Calling order_handler->init().
[16-Jun-2025 21:41:32 UTC] MOTTASL DEBUG: Calling abandoned_cart_handler->init().
[16-Jun-2025 21:43:33 UTC] MOTTASL DEBUG: Calling admin_settings->init().
[16-Jun-2025 21:43:33 UTC] MOTTASL DEBUG: Calling order_handler->init().
[16-Jun-2025 21:43:33 UTC] MOTTASL DEBUG: Calling abandoned_cart_handler->init().
[16-Jun-2025 21:45:33 UTC] MOTTASL DEBUG: Calling admin_settings->init().
[16-Jun-2025 21:45:33 UTC] MOTTASL DEBUG: Calling order_handler->init().
[16-Jun-2025 21:45:33 UTC] MOTTASL DEBUG: Calling abandoned_cart_handler->init().
[16-Jun-2025 21:47:34 UTC] MOTTASL DEBUG: Calling admin_settings->init().
[16-Jun-2025 21:47:34 UTC] MOTTASL DEBUG: Calling order_handler->init().
[16-Jun-2025 21:47:34 UTC] MOTTASL DEBUG: Calling abandoned_cart_handler->init().
[16-Jun-2025 21:49:35 UTC] MOTTASL DEBUG: Calling admin_settings->init().
[16-Jun-2025 21:49:35 UTC] MOTTASL DEBUG: Calling order_handler->init().
[16-Jun-2025 21:49:35 UTC] MOTTASL DEBUG: Calling abandoned_cart_handler->init().
[16-Jun-2025 21:51:36 UTC] MOTTASL DEBUG: Calling admin_settings->init().
[16-Jun-2025 21:51:36 UTC] MOTTASL DEBUG: Calling order_handler->init().
[16-Jun-2025 21:51:36 UTC] MOTTASL DEBUG: Calling abandoned_cart_handler->init().
[16-Jun-2025 21:53:36 UTC] MOTTASL DEBUG: Calling admin_settings->init().
[16-Jun-2025 21:53:36 UTC] MOTTASL DEBUG: Calling order_handler->init().
[16-Jun-2025 21:53:36 UTC] MOTTASL DEBUG: Calling abandoned_cart_handler->init().
[16-Jun-2025 21:55:37 UTC] MOTTASL DEBUG: Calling admin_settings->init().
[16-Jun-2025 21:55:37 UTC] MOTTASL DEBUG: Calling order_handler->init().
[16-Jun-2025 21:55:37 UTC] MOTTASL DEBUG: Calling abandoned_cart_handler->init().
[16-Jun-2025 21:56:55 UTC] MOTTASL DEBUG: Calling admin_settings->init().
[16-Jun-2025 21:56:55 UTC] MOTTASL DEBUG: Calling order_handler->init().
[16-Jun-2025 21:56:55 UTC] MOTTASL DEBUG: Calling abandoned_cart_handler->init().
[16-Jun-2025 21:57:04 UTC] MOTTASL DEBUG: Calling admin_settings->init().
[16-Jun-2025 21:57:04 UTC] MOTTASL DEBUG: Calling order_handler->init().
[16-Jun-2025 21:57:04 UTC] MOTTASL DEBUG: Calling abandoned_cart_handler->init().
[16-Jun-2025 21:57:04 UTC] Mottasl DEBUG: Relevant API settings changed. Re-sending installation confirmation.
[16-Jun-2025 21:57:05 UTC] MOTTASL DEBUG: Calling admin_settings->init().
[16-Jun-2025 21:57:05 UTC] MOTTASL DEBUG: Calling order_handler->init().
[16-Jun-2025 21:57:05 UTC] MOTTASL DEBUG: Calling abandoned_cart_handler->init().
[16-Jun-2025 21:58:06 UTC] MOTTASL DEBUG: Calling admin_settings->init().
[16-Jun-2025 21:58:06 UTC] MOTTASL DEBUG: Calling order_handler->init().
[16-Jun-2025 21:58:06 UTC] MOTTASL DEBUG: Calling abandoned_cart_handler->init().
[16-Jun-2025 22:00:07 UTC] MOTTASL DEBUG: Calling admin_settings->init().
[16-Jun-2025 22:00:07 UTC] MOTTASL DEBUG: Calling order_handler->init().
[16-Jun-2025 22:00:07 UTC] MOTTASL DEBUG: Calling abandoned_cart_handler->init().
[16-Jun-2025 22:00:43 UTC] MOTTASL DEBUG: Calling admin_settings->init().
[16-Jun-2025 22:00:43 UTC] MOTTASL DEBUG: Calling order_handler->init().
[16-Jun-2025 22:00:43 UTC] MOTTASL DEBUG: Calling abandoned_cart_handler->init().
[16-Jun-2025 22:01:44 UTC] MOTTASL DEBUG: Calling admin_settings->init().
[16-Jun-2025 22:01:44 UTC] MOTTASL DEBUG: Calling order_handler->init().
[16-Jun-2025 22:01:44 UTC] MOTTASL DEBUG: Calling abandoned_cart_handler->init().
[16-Jun-2025 22:02:44 UTC] MOTTASL DEBUG: Calling admin_settings->init().
[16-Jun-2025 22:02:44 UTC] MOTTASL DEBUG: Calling order_handler->init().
[16-Jun-2025 22:02:44 UTC] MOTTASL DEBUG: Calling abandoned_cart_handler->init().
[16-Jun-2025 22:03:14 UTC] MOTTASL DEBUG: Calling admin_settings->init().
[16-Jun-2025 22:03:14 UTC] MOTTASL DEBUG: Calling order_handler->init().
[16-Jun-2025 22:03:14 UTC] MOTTASL DEBUG: Calling abandoned_cart_handler->init().
[16-Jun-2025 22:03:14 UTC] MOTTASL DEBUG: Calling admin_settings->init().
[16-Jun-2025 22:03:14 UTC] MOTTASL DEBUG: Calling order_handler->init().
[16-Jun-2025 22:03:14 UTC] MOTTASL DEBUG: Calling abandoned_cart_handler->init().
[16-Jun-2025 22:03:34 UTC] MOTTASL DEBUG: Calling admin_settings->init().
[16-Jun-2025 22:03:34 UTC] MOTTASL DEBUG: Calling order_handler->init().
[16-Jun-2025 22:03:34 UTC] MOTTASL DEBUG: Calling abandoned_cart_handler->init().
[16-Jun-2025 22:03:34 UTC] Mottasl DEBUG: Relevant API settings changed. Re-sending installation confirmation.
[16-Jun-2025 22:03:35 UTC] MOTTASL DEBUG: Calling admin_settings->init().
[16-Jun-2025 22:03:35 UTC] MOTTASL DEBUG: Calling order_handler->init().
[16-Jun-2025 22:03:35 UTC] MOTTASL DEBUG: Calling abandoned_cart_handler->init().
[16-Jun-2025 22:04:36 UTC] MOTTASL DEBUG: Calling admin_settings->init().
[16-Jun-2025 22:04:36 UTC] MOTTASL DEBUG: Calling order_handler->init().
[16-Jun-2025 22:04:36 UTC] MOTTASL DEBUG: Calling abandoned_cart_handler->init().
[16-Jun-2025 22:06:36 UTC] MOTTASL DEBUG: Calling admin_settings->init().
[16-Jun-2025 22:06:36 UTC] MOTTASL DEBUG: Calling order_handler->init().
[16-Jun-2025 22:06:36 UTC] MOTTASL DEBUG: Calling abandoned_cart_handler->init().
[16-Jun-2025 22:08:37 UTC] MOTTASL DEBUG: Calling admin_settings->init().
[16-Jun-2025 22:08:37 UTC] MOTTASL DEBUG: Calling order_handler->init().
[16-Jun-2025 22:08:37 UTC] MOTTASL DEBUG: Calling abandoned_cart_handler->init().
[16-Jun-2025 22:10:37 UTC] MOTTASL DEBUG: Calling admin_settings->init().
[16-Jun-2025 22:10:37 UTC] MOTTASL DEBUG: Calling order_handler->init().
[16-Jun-2025 22:10:37 UTC] MOTTASL DEBUG: Calling abandoned_cart_handler->init().
[16-Jun-2025 22:12:37 UTC] MOTTASL DEBUG: Calling admin_settings->init().
[16-Jun-2025 22:12:37 UTC] MOTTASL DEBUG: Calling order_handler->init().
[16-Jun-2025 22:12:37 UTC] MOTTASL DEBUG: Calling abandoned_cart_handler->init().
[16-Jun-2025 22:14:37 UTC] MOTTASL DEBUG: Calling admin_settings->init().
[16-Jun-2025 22:14:37 UTC] MOTTASL DEBUG: Calling order_handler->init().
[16-Jun-2025 22:14:37 UTC] MOTTASL DEBUG: Calling abandoned_cart_handler->init().
[16-Jun-2025 22:16:38 UTC] MOTTASL DEBUG: Calling admin_settings->init().
[16-Jun-2025 22:16:38 UTC] MOTTASL DEBUG: Calling order_handler->init().
[16-Jun-2025 22:16:38 UTC] MOTTASL DEBUG: Calling abandoned_cart_handler->init().
[16-Jun-2025 22:18:38 UTC] MOTTASL DEBUG: Calling admin_settings->init().
[16-Jun-2025 22:18:38 UTC] MOTTASL DEBUG: Calling order_handler->init().
[16-Jun-2025 22:18:38 UTC] MOTTASL DEBUG: Calling abandoned_cart_handler->init().
[16-Jun-2025 22:20:39 UTC] MOTTASL DEBUG: Calling admin_settings->init().
[16-Jun-2025 22:20:39 UTC] MOTTASL DEBUG: Calling order_handler->init().
[16-Jun-2025 22:20:39 UTC] MOTTASL DEBUG: Calling abandoned_cart_handler->init().
[16-Jun-2025 22:22:40 UTC] MOTTASL DEBUG: Calling admin_settings->init().
[16-Jun-2025 22:22:40 UTC] MOTTASL DEBUG: Calling order_handler->init().
[16-Jun-2025 22:22:40 UTC] MOTTASL DEBUG: Calling abandoned_cart_handler->init().
[16-Jun-2025 22:24:40 UTC] MOTTASL DEBUG: Calling admin_settings->init().
[16-Jun-2025 22:24:40 UTC] MOTTASL DEBUG: Calling order_handler->init().
[16-Jun-2025 22:24:40 UTC] MOTTASL DEBUG: Calling abandoned_cart_handler->init().
[16-Jun-2025 22:26:40 UTC] MOTTASL DEBUG: Calling admin_settings->init().
[16-Jun-2025 22:26:40 UTC] MOTTASL DEBUG: Calling order_handler->init().
[16-Jun-2025 22:26:40 UTC] MOTTASL DEBUG: Calling abandoned_cart_handler->init().
[16-Jun-2025 22:28:40 UTC] MOTTASL DEBUG: Calling admin_settings->init().
[16-Jun-2025 22:28:40 UTC] MOTTASL DEBUG: Calling order_handler->init().
[16-Jun-2025 22:28:40 UTC] MOTTASL DEBUG: Calling abandoned_cart_handler->init().
[16-Jun-2025 22:30:40 UTC] MOTTASL DEBUG: Calling admin_settings->init().
[16-Jun-2025 22:30:40 UTC] MOTTASL DEBUG: Calling order_handler->init().
[16-Jun-2025 22:30:40 UTC] MOTTASL DEBUG: Calling abandoned_cart_handler->init().
[16-Jun-2025 22:32:40 UTC] MOTTASL DEBUG: Calling admin_settings->init().
[16-Jun-2025 22:32:40 UTC] MOTTASL DEBUG: Calling order_handler->init().
[16-Jun-2025 22:32:40 UTC] MOTTASL DEBUG: Calling abandoned_cart_handler->init().
[16-Jun-2025 22:34:40 UTC] MOTTASL DEBUG: Calling admin_settings->init().
[16-Jun-2025 22:34:40 UTC] MOTTASL DEBUG: Calling order_handler->init().
[16-Jun-2025 22:34:40 UTC] MOTTASL DEBUG: Calling abandoned_cart_handler->init().
[16-Jun-2025 22:36:40 UTC] MOTTASL DEBUG: Calling admin_settings->init().
[16-Jun-2025 22:36:40 UTC] MOTTASL DEBUG: Calling order_handler->init().
[16-Jun-2025 22:36:40 UTC] MOTTASL DEBUG: Calling abandoned_cart_handler->init().
[16-Jun-2025 22:38:41 UTC] MOTTASL DEBUG: Calling admin_settings->init().
[16-Jun-2025 22:38:41 UTC] MOTTASL DEBUG: Calling order_handler->init().
[16-Jun-2025 22:38:41 UTC] MOTTASL DEBUG: Calling abandoned_cart_handler->init().
[16-Jun-2025 22:40:42 UTC] MOTTASL DEBUG: Calling admin_settings->init().
[16-Jun-2025 22:40:42 UTC] MOTTASL DEBUG: Calling order_handler->init().
[16-Jun-2025 22:40:42 UTC] MOTTASL DEBUG: Calling abandoned_cart_handler->init().
[16-Jun-2025 22:42:43 UTC] MOTTASL DEBUG: Calling admin_settings->init().
[16-Jun-2025 22:42:43 UTC] MOTTASL DEBUG: Calling order_handler->init().
[16-Jun-2025 22:42:43 UTC] MOTTASL DEBUG: Calling abandoned_cart_handler->init().
[16-Jun-2025 22:44:44 UTC] MOTTASL DEBUG: Calling admin_settings->init().
[16-Jun-2025 22:44:44 UTC] MOTTASL DEBUG: Calling order_handler->init().
[16-Jun-2025 22:44:44 UTC] MOTTASL DEBUG: Calling abandoned_cart_handler->init().
[16-Jun-2025 22:46:45 UTC] MOTTASL DEBUG: Calling admin_settings->init().
[16-Jun-2025 22:46:45 UTC] MOTTASL DEBUG: Calling order_handler->init().
[16-Jun-2025 22:46:45 UTC] MOTTASL DEBUG: Calling abandoned_cart_handler->init().
[16-Jun-2025 22:48:47 UTC] MOTTASL DEBUG: Calling admin_settings->init().
[16-Jun-2025 22:48:47 UTC] MOTTASL DEBUG: Calling order_handler->init().
[16-Jun-2025 22:48:47 UTC] MOTTASL DEBUG: Calling abandoned_cart_handler->init().
[17-Jun-2025 00:32:17 UTC] MOTTASL DEBUG: Calling admin_settings->init().
[17-Jun-2025 00:32:17 UTC] MOTTASL DEBUG: Calling order_handler->init().
[17-Jun-2025 00:32:17 UTC] MOTTASL DEBUG: Calling abandoned_cart_handler->init().
[17-Jun-2025 00:33:18 UTC] MOTTASL DEBUG: Calling admin_settings->init().
[17-Jun-2025 00:33:18 UTC] MOTTASL DEBUG: Calling order_handler->init().
[17-Jun-2025 00:33:18 UTC] MOTTASL DEBUG: Calling abandoned_cart_handler->init().
[17-Jun-2025 00:34:06 UTC] MOTTASL DEBUG: Calling admin_settings->init().
[17-Jun-2025 00:34:06 UTC] MOTTASL DEBUG: Calling order_handler->init().
[17-Jun-2025 00:34:06 UTC] MOTTASL DEBUG: Calling abandoned_cart_handler->init().
[17-Jun-2025 00:34:06 UTC] MOTTASL DEBUG: Calling admin_settings->init().
[17-Jun-2025 00:34:06 UTC] MOTTASL DEBUG: Calling order_handler->init().
[17-Jun-2025 00:34:06 UTC] MOTTASL DEBUG: Calling abandoned_cart_handler->init().
[17-Jun-2025 00:34:23 UTC] MOTTASL DEBUG: Calling admin_settings->init().
[17-Jun-2025 00:34:23 UTC] MOTTASL DEBUG: Calling order_handler->init().
[17-Jun-2025 00:34:23 UTC] MOTTASL DEBUG: Calling abandoned_cart_handler->init().
[17-Jun-2025 00:34:23 UTC] Mottasl DEBUG: Relevant API settings changed. Re-sending installation confirmation.
[17-Jun-2025 00:34:24 UTC] MOTTASL DEBUG: Calling admin_settings->init().
[17-Jun-2025 00:34:24 UTC] MOTTASL DEBUG: Calling order_handler->init().
[17-Jun-2025 00:34:24 UTC] MOTTASL DEBUG: Calling abandoned_cart_handler->init().
[17-Jun-2025 00:36:25 UTC] MOTTASL DEBUG: Calling admin_settings->init().
[17-Jun-2025 00:36:25 UTC] MOTTASL DEBUG: Calling order_handler->init().
[17-Jun-2025 00:36:25 UTC] MOTTASL DEBUG: Calling abandoned_cart_handler->init().
[17-Jun-2025 00:38:26 UTC] MOTTASL DEBUG: Calling admin_settings->init().
[17-Jun-2025 00:38:26 UTC] MOTTASL DEBUG: Calling order_handler->init().
[17-Jun-2025 00:38:26 UTC] MOTTASL DEBUG: Calling abandoned_cart_handler->init().
[17-Jun-2025 00:40:27 UTC] MOTTASL DEBUG: Calling admin_settings->init().
[17-Jun-2025 00:40:27 UTC] MOTTASL DEBUG: Calling order_handler->init().
[17-Jun-2025 00:40:27 UTC] MOTTASL DEBUG: Calling abandoned_cart_handler->init().
[17-Jun-2025 00:42:28 UTC] MOTTASL DEBUG: Calling admin_settings->init().
[17-Jun-2025 00:42:28 UTC] MOTTASL DEBUG: Calling order_handler->init().
[17-Jun-2025 00:42:28 UTC] MOTTASL DEBUG: Calling abandoned_cart_handler->init().
[17-Jun-2025 00:44:28 UTC] MOTTASL DEBUG: Calling admin_settings->init().
[17-Jun-2025 00:44:28 UTC] MOTTASL DEBUG: Calling order_handler->init().
[17-Jun-2025 00:44:28 UTC] MOTTASL DEBUG: Calling abandoned_cart_handler->init().
[17-Jun-2025 00:46:29 UTC] MOTTASL DEBUG: Calling admin_settings->init().
[17-Jun-2025 00:46:29 UTC] MOTTASL DEBUG: Calling order_handler->init().
[17-Jun-2025 00:46:29 UTC] MOTTASL DEBUG: Calling abandoned_cart_handler->init().
[17-Jun-2025 00:48:30 UTC] MOTTASL DEBUG: Calling admin_settings->init().
[17-Jun-2025 00:48:30 UTC] MOTTASL DEBUG: Calling order_handler->init().
[17-Jun-2025 00:48:30 UTC] MOTTASL DEBUG: Calling abandoned_cart_handler->init().
[17-Jun-2025 00:50:30 UTC] MOTTASL DEBUG: Calling admin_settings->init().
[17-Jun-2025 00:50:30 UTC] MOTTASL DEBUG: Calling order_handler->init().
[17-Jun-2025 00:50:30 UTC] MOTTASL DEBUG: Calling abandoned_cart_handler->init().
[17-Jun-2025 00:52:31 UTC] MOTTASL DEBUG: Calling admin_settings->init().
[17-Jun-2025 00:52:31 UTC] MOTTASL DEBUG: Calling order_handler->init().
[17-Jun-2025 00:52:31 UTC] MOTTASL DEBUG: Calling abandoned_cart_handler->init().
[17-Jun-2025 00:54:32 UTC] MOTTASL DEBUG: Calling admin_settings->init().
[17-Jun-2025 00:54:32 UTC] MOTTASL DEBUG: Calling order_handler->init().
[17-Jun-2025 00:54:32 UTC] MOTTASL DEBUG: Calling abandoned_cart_handler->init().
[17-Jun-2025 00:56:33 UTC] MOTTASL DEBUG: Calling admin_settings->init().
[17-Jun-2025 00:56:33 UTC] MOTTASL DEBUG: Calling order_handler->init().
[17-Jun-2025 00:56:33 UTC] MOTTASL DEBUG: Calling abandoned_cart_handler->init().
[17-Jun-2025 00:58:34 UTC] MOTTASL DEBUG: Calling admin_settings->init().
[17-Jun-2025 00:58:34 UTC] MOTTASL DEBUG: Calling order_handler->init().
[17-Jun-2025 00:58:34 UTC] MOTTASL DEBUG: Calling abandoned_cart_handler->init().
[17-Jun-2025 01:00:35 UTC] MOTTASL DEBUG: Calling admin_settings->init().
[17-Jun-2025 01:00:35 UTC] MOTTASL DEBUG: Calling order_handler->init().
[17-Jun-2025 01:00:35 UTC] MOTTASL DEBUG: Calling abandoned_cart_handler->init().
[17-Jun-2025 01:02:35 UTC] MOTTASL DEBUG: Calling admin_settings->init().
[17-Jun-2025 01:02:35 UTC] MOTTASL DEBUG: Calling order_handler->init().
[17-Jun-2025 01:02:35 UTC] MOTTASL DEBUG: Calling abandoned_cart_handler->init().
[17-Jun-2025 01:04:36 UTC] MOTTASL DEBUG: Calling admin_settings->init().
[17-Jun-2025 01:04:36 UTC] MOTTASL DEBUG: Calling order_handler->init().
[17-Jun-2025 01:04:36 UTC] MOTTASL DEBUG: Calling abandoned_cart_handler->init().
[17-Jun-2025 01:06:36 UTC] MOTTASL DEBUG: Calling admin_settings->init().
[17-Jun-2025 01:06:36 UTC] MOTTASL DEBUG: Calling order_handler->init().
[17-Jun-2025 01:06:36 UTC] MOTTASL DEBUG: Calling abandoned_cart_handler->init().
[17-Jun-2025 01:08:36 UTC] MOTTASL DEBUG: Calling admin_settings->init().
[17-Jun-2025 01:08:36 UTC] MOTTASL DEBUG: Calling order_handler->init().
[17-Jun-2025 01:08:36 UTC] MOTTASL DEBUG: Calling abandoned_cart_handler->init().
[17-Jun-2025 01:10:36 UTC] MOTTASL DEBUG: Calling admin_settings->init().
[17-Jun-2025 01:10:36 UTC] MOTTASL DEBUG: Calling order_handler->init().
[17-Jun-2025 01:10:36 UTC] MOTTASL DEBUG: Calling abandoned_cart_handler->init().
[17-Jun-2025 01:12:37 UTC] MOTTASL DEBUG: Calling admin_settings->init().
[17-Jun-2025 01:12:37 UTC] MOTTASL DEBUG: Calling order_handler->init().
[17-Jun-2025 01:12:37 UTC] MOTTASL DEBUG: Calling abandoned_cart_handler->init().
[17-Jun-2025 01:14:37 UTC] MOTTASL DEBUG: Calling admin_settings->init().
[17-Jun-2025 01:14:37 UTC] MOTTASL DEBUG: Calling order_handler->init().
[17-Jun-2025 01:14:37 UTC] MOTTASL DEBUG: Calling abandoned_cart_handler->init().
[17-Jun-2025 01:16:37 UTC] MOTTASL DEBUG: Calling admin_settings->init().
[17-Jun-2025 01:16:37 UTC] MOTTASL DEBUG: Calling order_handler->init().
[17-Jun-2025 01:16:37 UTC] MOTTASL DEBUG: Calling abandoned_cart_handler->init().
[17-Jun-2025 01:18:37 UTC] MOTTASL DEBUG: Calling admin_settings->init().
[17-Jun-2025 01:18:37 UTC] MOTTASL DEBUG: Calling order_handler->init().
[17-Jun-2025 01:18:37 UTC] MOTTASL DEBUG: Calling abandoned_cart_handler->init().
[17-Jun-2025 01:20:37 UTC] MOTTASL DEBUG: Calling admin_settings->init().
[17-Jun-2025 01:20:37 UTC] MOTTASL DEBUG: Calling order_handler->init().
[17-Jun-2025 01:20:37 UTC] MOTTASL DEBUG: Calling abandoned_cart_handler->init().
[17-Jun-2025 01:22:38 UTC] MOTTASL DEBUG: Calling admin_settings->init().
[17-Jun-2025 01:22:38 UTC] MOTTASL DEBUG: Calling order_handler->init().
[17-Jun-2025 01:22:38 UTC] MOTTASL DEBUG: Calling abandoned_cart_handler->init().
[17-Jun-2025 01:24:39 UTC] MOTTASL DEBUG: Calling admin_settings->init().
[17-Jun-2025 01:24:39 UTC] MOTTASL DEBUG: Calling order_handler->init().
[17-Jun-2025 01:24:39 UTC] MOTTASL DEBUG: Calling abandoned_cart_handler->init().
[17-Jun-2025 01:26:40 UTC] MOTTASL DEBUG: Calling admin_settings->init().
[17-Jun-2025 01:26:40 UTC] MOTTASL DEBUG: Calling order_handler->init().
[17-Jun-2025 01:26:40 UTC] MOTTASL DEBUG: Calling abandoned_cart_handler->init().
[17-Jun-2025 01:28:40 UTC] MOTTASL DEBUG: Calling admin_settings->init().
[17-Jun-2025 01:28:40 UTC] MOTTASL DEBUG: Calling order_handler->init().
[17-Jun-2025 01:28:40 UTC] MOTTASL DEBUG: Calling abandoned_cart_handler->init().
[17-Jun-2025 01:30:41 UTC] MOTTASL DEBUG: Calling admin_settings->init().
[17-Jun-2025 01:30:41 UTC] MOTTASL DEBUG: Calling order_handler->init().
[17-Jun-2025 01:30:41 UTC] MOTTASL DEBUG: Calling abandoned_cart_handler->init().
[17-Jun-2025 01:32:42 UTC] MOTTASL DEBUG: Calling admin_settings->init().
[17-Jun-2025 01:32:42 UTC] MOTTASL DEBUG: Calling order_handler->init().
[17-Jun-2025 01:32:42 UTC] MOTTASL DEBUG: Calling abandoned_cart_handler->init().
[17-Jun-2025 01:34:44 UTC] MOTTASL DEBUG: Calling admin_settings->init().
[17-Jun-2025 01:34:44 UTC] MOTTASL DEBUG: Calling order_handler->init().
[17-Jun-2025 01:34:44 UTC] MOTTASL DEBUG: Calling abandoned_cart_handler->init().
[17-Jun-2025 01:36:43 UTC] MOTTASL DEBUG: Calling admin_settings->init().
[17-Jun-2025 01:36:43 UTC] MOTTASL DEBUG: Calling order_handler->init().
[17-Jun-2025 01:36:43 UTC] MOTTASL DEBUG: Calling abandoned_cart_handler->init().
[17-Jun-2025 01:38:44 UTC] MOTTASL DEBUG: Calling admin_settings->init().
[17-Jun-2025 01:38:44 UTC] MOTTASL DEBUG: Calling order_handler->init().
[17-Jun-2025 01:38:44 UTC] MOTTASL DEBUG: Calling abandoned_cart_handler->init().
[17-Jun-2025 01:40:43 UTC] MOTTASL DEBUG: Calling admin_settings->init().
[17-Jun-2025 01:40:43 UTC] MOTTASL DEBUG: Calling order_handler->init().
[17-Jun-2025 01:40:43 UTC] MOTTASL DEBUG: Calling abandoned_cart_handler->init().
[17-Jun-2025 01:42:43 UTC] MOTTASL DEBUG: Calling admin_settings->init().
[17-Jun-2025 01:42:43 UTC] MOTTASL DEBUG: Calling order_handler->init().
[17-Jun-2025 01:42:43 UTC] MOTTASL DEBUG: Calling abandoned_cart_handler->init().
[17-Jun-2025 01:44:45 UTC] MOTTASL DEBUG: Calling admin_settings->init().
[17-Jun-2025 01:44:45 UTC] MOTTASL DEBUG: Calling order_handler->init().
[17-Jun-2025 01:44:45 UTC] MOTTASL DEBUG: Calling abandoned_cart_handler->init().
[17-Jun-2025 01:46:44 UTC] MOTTASL DEBUG: Calling admin_settings->init().
[17-Jun-2025 01:46:44 UTC] MOTTASL DEBUG: Calling order_handler->init().
[17-Jun-2025 01:46:44 UTC] MOTTASL DEBUG: Calling abandoned_cart_handler->init().
[17-Jun-2025 01:48:44 UTC] MOTTASL DEBUG: Calling admin_settings->init().
[17-Jun-2025 01:48:44 UTC] MOTTASL DEBUG: Calling order_handler->init().
[17-Jun-2025 01:48:44 UTC] MOTTASL DEBUG: Calling abandoned_cart_handler->init().
[17-Jun-2025 01:50:45 UTC] MOTTASL DEBUG: Calling admin_settings->init().
[17-Jun-2025 01:50:45 UTC] MOTTASL DEBUG: Calling order_handler->init().
[17-Jun-2025 01:50:45 UTC] MOTTASL DEBUG: Calling abandoned_cart_handler->init().
[17-Jun-2025 01:52:46 UTC] MOTTASL DEBUG: Calling admin_settings->init().
[17-Jun-2025 01:52:46 UTC] MOTTASL DEBUG: Calling order_handler->init().
[17-Jun-2025 01:52:46 UTC] MOTTASL DEBUG: Calling abandoned_cart_handler->init().
[17-Jun-2025 01:54:46 UTC] MOTTASL DEBUG: Calling admin_settings->init().
[17-Jun-2025 01:54:46 UTC] MOTTASL DEBUG: Calling order_handler->init().
[17-Jun-2025 01:54:46 UTC] MOTTASL DEBUG: Calling abandoned_cart_handler->init().
[17-Jun-2025 01:56:47 UTC] MOTTASL DEBUG: Calling admin_settings->init().
[17-Jun-2025 01:56:47 UTC] MOTTASL DEBUG: Calling order_handler->init().
[17-Jun-2025 01:56:47 UTC] MOTTASL DEBUG: Calling abandoned_cart_handler->init().
[17-Jun-2025 01:58:48 UTC] MOTTASL DEBUG: Calling admin_settings->init().
[17-Jun-2025 01:58:48 UTC] MOTTASL DEBUG: Calling order_handler->init().
[17-Jun-2025 01:58:48 UTC] MOTTASL DEBUG: Calling abandoned_cart_handler->init().
[17-Jun-2025 02:00:48 UTC] MOTTASL DEBUG: Calling admin_settings->init().
[17-Jun-2025 02:00:48 UTC] MOTTASL DEBUG: Calling order_handler->init().
[17-Jun-2025 02:00:48 UTC] MOTTASL DEBUG: Calling abandoned_cart_handler->init().
[17-Jun-2025 02:02:48 UTC] MOTTASL DEBUG: Calling admin_settings->init().
[17-Jun-2025 02:02:48 UTC] MOTTASL DEBUG: Calling order_handler->init().
[17-Jun-2025 02:02:48 UTC] MOTTASL DEBUG: Calling abandoned_cart_handler->init().
[17-Jun-2025 02:04:48 UTC] MOTTASL DEBUG: Calling admin_settings->init().
[17-Jun-2025 02:04:48 UTC] MOTTASL DEBUG: Calling order_handler->init().
[17-Jun-2025 02:04:48 UTC] MOTTASL DEBUG: Calling abandoned_cart_handler->init().
[17-Jun-2025 02:06:49 UTC] MOTTASL DEBUG: Calling admin_settings->init().
[17-Jun-2025 02:06:49 UTC] MOTTASL DEBUG: Calling order_handler->init().
[17-Jun-2025 02:06:49 UTC] MOTTASL DEBUG: Calling abandoned_cart_handler->init().
[17-Jun-2025 02:08:49 UTC] MOTTASL DEBUG: Calling admin_settings->init().
[17-Jun-2025 02:08:49 UTC] MOTTASL DEBUG: Calling order_handler->init().
[17-Jun-2025 02:08:49 UTC] MOTTASL DEBUG: Calling abandoned_cart_handler->init().
[17-Jun-2025 02:10:49 UTC] MOTTASL DEBUG: Calling admin_settings->init().
[17-Jun-2025 02:10:49 UTC] MOTTASL DEBUG: Calling order_handler->init().
[17-Jun-2025 02:10:49 UTC] MOTTASL DEBUG: Calling abandoned_cart_handler->init().
[17-Jun-2025 02:12:50 UTC] MOTTASL DEBUG: Calling admin_settings->init().
[17-Jun-2025 02:12:50 UTC] MOTTASL DEBUG: Calling order_handler->init().
[17-Jun-2025 02:12:50 UTC] MOTTASL DEBUG: Calling abandoned_cart_handler->init().
[17-Jun-2025 02:14:50 UTC] MOTTASL DEBUG: Calling admin_settings->init().
[17-Jun-2025 02:14:50 UTC] MOTTASL DEBUG: Calling order_handler->init().
[17-Jun-2025 02:14:50 UTC] MOTTASL DEBUG: Calling abandoned_cart_handler->init().
[17-Jun-2025 02:16:52 UTC] MOTTASL DEBUG: Calling admin_settings->init().
[17-Jun-2025 02:16:52 UTC] MOTTASL DEBUG: Calling order_handler->init().
[17-Jun-2025 02:16:52 UTC] MOTTASL DEBUG: Calling abandoned_cart_handler->init().
[17-Jun-2025 02:18:53 UTC] MOTTASL DEBUG: Calling admin_settings->init().
[17-Jun-2025 02:18:53 UTC] MOTTASL DEBUG: Calling order_handler->init().
[17-Jun-2025 02:18:53 UTC] MOTTASL DEBUG: Calling abandoned_cart_handler->init().
[17-Jun-2025 02:20:54 UTC] MOTTASL DEBUG: Calling admin_settings->init().
[17-Jun-2025 02:20:54 UTC] MOTTASL DEBUG: Calling order_handler->init().
[17-Jun-2025 02:20:54 UTC] MOTTASL DEBUG: Calling abandoned_cart_handler->init().
[17-Jun-2025 02:22:55 UTC] MOTTASL DEBUG: Calling admin_settings->init().
[17-Jun-2025 02:22:55 UTC] MOTTASL DEBUG: Calling order_handler->init().
[17-Jun-2025 02:22:55 UTC] MOTTASL DEBUG: Calling abandoned_cart_handler->init().
[17-Jun-2025 02:24:54 UTC] MOTTASL DEBUG: Calling admin_settings->init().
[17-Jun-2025 02:24:54 UTC] MOTTASL DEBUG: Calling order_handler->init().
[17-Jun-2025 02:24:54 UTC] MOTTASL DEBUG: Calling abandoned_cart_handler->init().
[17-Jun-2025 02:26:55 UTC] MOTTASL DEBUG: Calling admin_settings->init().
[17-Jun-2025 02:26:55 UTC] MOTTASL DEBUG: Calling order_handler->init().
[17-Jun-2025 02:26:55 UTC] MOTTASL DEBUG: Calling abandoned_cart_handler->init().
[17-Jun-2025 02:28:56 UTC] MOTTASL DEBUG: Calling admin_settings->init().
[17-Jun-2025 02:28:56 UTC] MOTTASL DEBUG: Calling order_handler->init().
[17-Jun-2025 02:28:56 UTC] MOTTASL DEBUG: Calling abandoned_cart_handler->init().
[17-Jun-2025 02:30:56 UTC] MOTTASL DEBUG: Calling admin_settings->init().
[17-Jun-2025 02:30:56 UTC] MOTTASL DEBUG: Calling order_handler->init().
[17-Jun-2025 02:30:56 UTC] MOTTASL DEBUG: Calling abandoned_cart_handler->init().
[17-Jun-2025 02:32:57 UTC] MOTTASL DEBUG: Calling admin_settings->init().
[17-Jun-2025 02:32:57 UTC] MOTTASL DEBUG: Calling order_handler->init().
[17-Jun-2025 02:32:57 UTC] MOTTASL DEBUG: Calling abandoned_cart_handler->init().
[17-Jun-2025 02:34:58 UTC] MOTTASL DEBUG: Calling admin_settings->init().
[17-Jun-2025 02:34:58 UTC] MOTTASL DEBUG: Calling order_handler->init().
[17-Jun-2025 02:34:58 UTC] MOTTASL DEBUG: Calling abandoned_cart_handler->init().
[17-Jun-2025 02:36:59 UTC] MOTTASL DEBUG: Calling admin_settings->init().
[17-Jun-2025 02:36:59 UTC] MOTTASL DEBUG: Calling order_handler->init().
[17-Jun-2025 02:36:59 UTC] MOTTASL DEBUG: Calling abandoned_cart_handler->init().
[17-Jun-2025 02:38:59 UTC] MOTTASL DEBUG: Calling admin_settings->init().
[17-Jun-2025 02:38:59 UTC] MOTTASL DEBUG: Calling order_handler->init().
[17-Jun-2025 02:38:59 UTC] MOTTASL DEBUG: Calling abandoned_cart_handler->init().
[17-Jun-2025 02:41:00 UTC] MOTTASL DEBUG: Calling admin_settings->init().
[17-Jun-2025 02:41:00 UTC] MOTTASL DEBUG: Calling order_handler->init().
[17-Jun-2025 02:41:00 UTC] MOTTASL DEBUG: Calling abandoned_cart_handler->init().
[17-Jun-2025 02:43:01 UTC] MOTTASL DEBUG: Calling admin_settings->init().
[17-Jun-2025 02:43:01 UTC] MOTTASL DEBUG: Calling order_handler->init().
[17-Jun-2025 02:43:01 UTC] MOTTASL DEBUG: Calling abandoned_cart_handler->init().
[17-Jun-2025 02:45:02 UTC] MOTTASL DEBUG: Calling admin_settings->init().
[17-Jun-2025 02:45:02 UTC] MOTTASL DEBUG: Calling order_handler->init().
[17-Jun-2025 02:45:02 UTC] MOTTASL DEBUG: Calling abandoned_cart_handler->init().
[17-Jun-2025 02:47:04 UTC] MOTTASL DEBUG: Calling admin_settings->init().
[17-Jun-2025 02:47:04 UTC] MOTTASL DEBUG: Calling order_handler->init().
[17-Jun-2025 02:47:04 UTC] MOTTASL DEBUG: Calling abandoned_cart_handler->init().
[17-Jun-2025 02:49:04 UTC] MOTTASL DEBUG: Calling admin_settings->init().
[17-Jun-2025 02:49:04 UTC] MOTTASL DEBUG: Calling order_handler->init().
[17-Jun-2025 02:49:04 UTC] MOTTASL DEBUG: Calling abandoned_cart_handler->init().
[17-Jun-2025 02:51:05 UTC] MOTTASL DEBUG: Calling admin_settings->init().
[17-Jun-2025 02:51:05 UTC] MOTTASL DEBUG: Calling order_handler->init().
[17-Jun-2025 02:51:05 UTC] MOTTASL DEBUG: Calling abandoned_cart_handler->init().
[17-Jun-2025 02:53:05 UTC] MOTTASL DEBUG: Calling admin_settings->init().
[17-Jun-2025 02:53:05 UTC] MOTTASL DEBUG: Calling order_handler->init().
[17-Jun-2025 02:53:05 UTC] MOTTASL DEBUG: Calling abandoned_cart_handler->init().
[17-Jun-2025 02:55:05 UTC] MOTTASL DEBUG: Calling admin_settings->init().
[17-Jun-2025 02:55:05 UTC] MOTTASL DEBUG: Calling order_handler->init().
[17-Jun-2025 02:55:05 UTC] MOTTASL DEBUG: Calling abandoned_cart_handler->init().
[17-Jun-2025 02:57:05 UTC] MOTTASL DEBUG: Calling admin_settings->init().
[17-Jun-2025 02:57:05 UTC] MOTTASL DEBUG: Calling order_handler->init().
[17-Jun-2025 02:57:05 UTC] MOTTASL DEBUG: Calling abandoned_cart_handler->init().
[17-Jun-2025 02:59:06 UTC] MOTTASL DEBUG: Calling admin_settings->init().
[17-Jun-2025 02:59:06 UTC] MOTTASL DEBUG: Calling order_handler->init().
[17-Jun-2025 02:59:06 UTC] MOTTASL DEBUG: Calling abandoned_cart_handler->init().
[17-Jun-2025 03:01:06 UTC] MOTTASL DEBUG: Calling admin_settings->init().
[17-Jun-2025 03:01:06 UTC] MOTTASL DEBUG: Calling order_handler->init().
[17-Jun-2025 03:01:06 UTC] MOTTASL DEBUG: Calling abandoned_cart_handler->init().
[17-Jun-2025 03:03:08 UTC] MOTTASL DEBUG: Calling admin_settings->init().
[17-Jun-2025 03:03:08 UTC] MOTTASL DEBUG: Calling order_handler->init().
[17-Jun-2025 03:03:08 UTC] MOTTASL DEBUG: Calling abandoned_cart_handler->init().
[17-Jun-2025 03:05:09 UTC] MOTTASL DEBUG: Calling admin_settings->init().
[17-Jun-2025 03:05:09 UTC] MOTTASL DEBUG: Calling order_handler->init().
[17-Jun-2025 03:05:09 UTC] MOTTASL DEBUG: Calling abandoned_cart_handler->init().
[17-Jun-2025 03:07:09 UTC] MOTTASL DEBUG: Calling admin_settings->init().
[17-Jun-2025 03:07:09 UTC] MOTTASL DEBUG: Calling order_handler->init().
[17-Jun-2025 03:07:09 UTC] MOTTASL DEBUG: Calling abandoned_cart_handler->init().
[17-Jun-2025 03:09:09 UTC] MOTTASL DEBUG: Calling admin_settings->init().
[17-Jun-2025 03:09:09 UTC] MOTTASL DEBUG: Calling order_handler->init().
[17-Jun-2025 03:09:09 UTC] MOTTASL DEBUG: Calling abandoned_cart_handler->init().
[17-Jun-2025 03:11:09 UTC] MOTTASL DEBUG: Calling admin_settings->init().
[17-Jun-2025 03:11:09 UTC] MOTTASL DEBUG: Calling order_handler->init().
[17-Jun-2025 03:11:09 UTC] MOTTASL DEBUG: Calling abandoned_cart_handler->init().
[17-Jun-2025 03:13:10 UTC] MOTTASL DEBUG: Calling admin_settings->init().
[17-Jun-2025 03:13:10 UTC] MOTTASL DEBUG: Calling order_handler->init().
[17-Jun-2025 03:13:10 UTC] MOTTASL DEBUG: Calling abandoned_cart_handler->init().
[17-Jun-2025 03:15:10 UTC] MOTTASL DEBUG: Calling admin_settings->init().
[17-Jun-2025 03:15:10 UTC] MOTTASL DEBUG: Calling order_handler->init().
[17-Jun-2025 03:15:10 UTC] MOTTASL DEBUG: Calling abandoned_cart_handler->init().
[17-Jun-2025 03:17:12 UTC] MOTTASL DEBUG: Calling admin_settings->init().
[17-Jun-2025 03:17:12 UTC] MOTTASL DEBUG: Calling order_handler->init().
[17-Jun-2025 03:17:12 UTC] MOTTASL DEBUG: Calling abandoned_cart_handler->init().
[17-Jun-2025 03:19:12 UTC] MOTTASL DEBUG: Calling admin_settings->init().
[17-Jun-2025 03:19:12 UTC] MOTTASL DEBUG: Calling order_handler->init().
[17-Jun-2025 03:19:12 UTC] MOTTASL DEBUG: Calling abandoned_cart_handler->init().
[17-Jun-2025 03:21:13 UTC] MOTTASL DEBUG: Calling admin_settings->init().
[17-Jun-2025 03:21:13 UTC] MOTTASL DEBUG: Calling order_handler->init().
[17-Jun-2025 03:21:13 UTC] MOTTASL DEBUG: Calling abandoned_cart_handler->init().
[17-Jun-2025 03:23:13 UTC] MOTTASL DEBUG: Calling admin_settings->init().
[17-Jun-2025 03:23:13 UTC] MOTTASL DEBUG: Calling order_handler->init().
[17-Jun-2025 03:23:13 UTC] MOTTASL DEBUG: Calling abandoned_cart_handler->init().
[17-Jun-2025 03:25:13 UTC] MOTTASL DEBUG: Calling admin_settings->init().
[17-Jun-2025 03:25:13 UTC] MOTTASL DEBUG: Calling order_handler->init().
[17-Jun-2025 03:25:13 UTC] MOTTASL DEBUG: Calling abandoned_cart_handler->init().
[17-Jun-2025 03:27:14 UTC] MOTTASL DEBUG: Calling admin_settings->init().
[17-Jun-2025 03:27:14 UTC] MOTTASL DEBUG: Calling order_handler->init().
[17-Jun-2025 03:27:14 UTC] MOTTASL DEBUG: Calling abandoned_cart_handler->init().
[17-Jun-2025 03:29:15 UTC] MOTTASL DEBUG: Calling admin_settings->init().
[17-Jun-2025 03:29:15 UTC] MOTTASL DEBUG: Calling order_handler->init().
[17-Jun-2025 03:29:15 UTC] MOTTASL DEBUG: Calling abandoned_cart_handler->init().
[17-Jun-2025 03:31:17 UTC] MOTTASL DEBUG: Calling admin_settings->init().
[17-Jun-2025 03:31:17 UTC] MOTTASL DEBUG: Calling order_handler->init().
[17-Jun-2025 03:31:17 UTC] MOTTASL DEBUG: Calling abandoned_cart_handler->init().
[17-Jun-2025 03:33:17 UTC] MOTTASL DEBUG: Calling admin_settings->init().
[17-Jun-2025 03:33:17 UTC] MOTTASL DEBUG: Calling order_handler->init().
[17-Jun-2025 03:33:17 UTC] MOTTASL DEBUG: Calling abandoned_cart_handler->init().
[17-Jun-2025 03:35:18 UTC] MOTTASL DEBUG: Calling admin_settings->init().
[17-Jun-2025 03:35:18 UTC] MOTTASL DEBUG: Calling order_handler->init().
[17-Jun-2025 03:35:18 UTC] MOTTASL DEBUG: Calling abandoned_cart_handler->init().
[17-Jun-2025 03:37:18 UTC] MOTTASL DEBUG: Calling admin_settings->init().
[17-Jun-2025 03:37:18 UTC] MOTTASL DEBUG: Calling order_handler->init().
[17-Jun-2025 03:37:18 UTC] MOTTASL DEBUG: Calling abandoned_cart_handler->init().
[17-Jun-2025 03:39:19 UTC] MOTTASL DEBUG: Calling admin_settings->init().
[17-Jun-2025 03:39:19 UTC] MOTTASL DEBUG: Calling order_handler->init().
[17-Jun-2025 03:39:19 UTC] MOTTASL DEBUG: Calling abandoned_cart_handler->init().
[17-Jun-2025 03:41:19 UTC] MOTTASL DEBUG: Calling admin_settings->init().
[17-Jun-2025 03:41:19 UTC] MOTTASL DEBUG: Calling order_handler->init().
[17-Jun-2025 03:41:19 UTC] MOTTASL DEBUG: Calling abandoned_cart_handler->init().
[17-Jun-2025 03:43:20 UTC] MOTTASL DEBUG: Calling admin_settings->init().
[17-Jun-2025 03:43:20 UTC] MOTTASL DEBUG: Calling order_handler->init().
[17-Jun-2025 03:43:20 UTC] MOTTASL DEBUG: Calling abandoned_cart_handler->init().
[17-Jun-2025 03:45:21 UTC] MOTTASL DEBUG: Calling admin_settings->init().
[17-Jun-2025 03:45:21 UTC] MOTTASL DEBUG: Calling order_handler->init().
[17-Jun-2025 03:45:21 UTC] MOTTASL DEBUG: Calling abandoned_cart_handler->init().
[17-Jun-2025 03:47:21 UTC] MOTTASL DEBUG: Calling admin_settings->init().
[17-Jun-2025 03:47:21 UTC] MOTTASL DEBUG: Calling order_handler->init().
[17-Jun-2025 03:47:21 UTC] MOTTASL DEBUG: Calling abandoned_cart_handler->init().
[17-Jun-2025 03:49:20 UTC] MOTTASL DEBUG: Calling admin_settings->init().
[17-Jun-2025 03:49:20 UTC] MOTTASL DEBUG: Calling order_handler->init().
[17-Jun-2025 03:49:20 UTC] MOTTASL DEBUG: Calling abandoned_cart_handler->init().
[17-Jun-2025 03:51:21 UTC] MOTTASL DEBUG: Calling admin_settings->init().
[17-Jun-2025 03:51:21 UTC] MOTTASL DEBUG: Calling order_handler->init().
[17-Jun-2025 03:51:21 UTC] MOTTASL DEBUG: Calling abandoned_cart_handler->init().
[17-Jun-2025 03:53:22 UTC] MOTTASL DEBUG: Calling admin_settings->init().
[17-Jun-2025 03:53:22 UTC] MOTTASL DEBUG: Calling order_handler->init().
[17-Jun-2025 03:53:22 UTC] MOTTASL DEBUG: Calling abandoned_cart_handler->init().
[17-Jun-2025 03:55:22 UTC] MOTTASL DEBUG: Calling admin_settings->init().
[17-Jun-2025 03:55:22 UTC] MOTTASL DEBUG: Calling order_handler->init().
[17-Jun-2025 03:55:22 UTC] MOTTASL DEBUG: Calling abandoned_cart_handler->init().
[17-Jun-2025 03:57:23 UTC] MOTTASL DEBUG: Calling admin_settings->init().
[17-Jun-2025 03:57:23 UTC] MOTTASL DEBUG: Calling order_handler->init().
[17-Jun-2025 03:57:23 UTC] MOTTASL DEBUG: Calling abandoned_cart_handler->init().
[17-Jun-2025 03:59:24 UTC] MOTTASL DEBUG: Calling admin_settings->init().
[17-Jun-2025 03:59:24 UTC] MOTTASL DEBUG: Calling order_handler->init().
[17-Jun-2025 03:59:24 UTC] MOTTASL DEBUG: Calling abandoned_cart_handler->init().
[17-Jun-2025 04:01:25 UTC] MOTTASL DEBUG: Calling admin_settings->init().
[17-Jun-2025 04:01:25 UTC] MOTTASL DEBUG: Calling order_handler->init().
[17-Jun-2025 04:01:25 UTC] MOTTASL DEBUG: Calling abandoned_cart_handler->init().
[17-Jun-2025 04:03:27 UTC] MOTTASL DEBUG: Calling admin_settings->init().
[17-Jun-2025 04:03:27 UTC] MOTTASL DEBUG: Calling order_handler->init().
[17-Jun-2025 04:03:27 UTC] MOTTASL DEBUG: Calling abandoned_cart_handler->init().
[17-Jun-2025 04:05:27 UTC] MOTTASL DEBUG: Calling admin_settings->init().
[17-Jun-2025 04:05:27 UTC] MOTTASL DEBUG: Calling order_handler->init().
[17-Jun-2025 04:05:27 UTC] MOTTASL DEBUG: Calling abandoned_cart_handler->init().
[17-Jun-2025 04:07:28 UTC] MOTTASL DEBUG: Calling admin_settings->init().
[17-Jun-2025 04:07:28 UTC] MOTTASL DEBUG: Calling order_handler->init().
[17-Jun-2025 04:07:28 UTC] MOTTASL DEBUG: Calling abandoned_cart_handler->init().
[17-Jun-2025 04:09:29 UTC] MOTTASL DEBUG: Calling admin_settings->init().
[17-Jun-2025 04:09:29 UTC] MOTTASL DEBUG: Calling order_handler->init().
[17-Jun-2025 04:09:29 UTC] MOTTASL DEBUG: Calling abandoned_cart_handler->init().
[17-Jun-2025 04:11:29 UTC] MOTTASL DEBUG: Calling admin_settings->init().
[17-Jun-2025 04:11:29 UTC] MOTTASL DEBUG: Calling order_handler->init().
[17-Jun-2025 04:11:29 UTC] MOTTASL DEBUG: Calling abandoned_cart_handler->init().
[17-Jun-2025 04:13:29 UTC] MOTTASL DEBUG: Calling admin_settings->init().
[17-Jun-2025 04:13:29 UTC] MOTTASL DEBUG: Calling order_handler->init().
[17-Jun-2025 04:13:29 UTC] MOTTASL DEBUG: Calling abandoned_cart_handler->init().
[17-Jun-2025 04:15:30 UTC] MOTTASL DEBUG: Calling admin_settings->init().
[17-Jun-2025 04:15:30 UTC] MOTTASL DEBUG: Calling order_handler->init().
[17-Jun-2025 04:15:30 UTC] MOTTASL DEBUG: Calling abandoned_cart_handler->init().
[17-Jun-2025 04:17:31 UTC] MOTTASL DEBUG: Calling admin_settings->init().
[17-Jun-2025 04:17:31 UTC] MOTTASL DEBUG: Calling order_handler->init().
[17-Jun-2025 04:17:31 UTC] MOTTASL DEBUG: Calling abandoned_cart_handler->init().
[17-Jun-2025 04:19:31 UTC] MOTTASL DEBUG: Calling admin_settings->init().
[17-Jun-2025 04:19:31 UTC] MOTTASL DEBUG: Calling order_handler->init().
[17-Jun-2025 04:19:31 UTC] MOTTASL DEBUG: Calling abandoned_cart_handler->init().
[17-Jun-2025 04:21:31 UTC] MOTTASL DEBUG: Calling admin_settings->init().
[17-Jun-2025 04:21:31 UTC] MOTTASL DEBUG: Calling order_handler->init().
[17-Jun-2025 04:21:31 UTC] MOTTASL DEBUG: Calling abandoned_cart_handler->init().
[17-Jun-2025 04:23:32 UTC] MOTTASL DEBUG: Calling admin_settings->init().
[17-Jun-2025 04:23:32 UTC] MOTTASL DEBUG: Calling order_handler->init().
[17-Jun-2025 04:23:32 UTC] MOTTASL DEBUG: Calling abandoned_cart_handler->init().
[17-Jun-2025 04:25:33 UTC] MOTTASL DEBUG: Calling admin_settings->init().
[17-Jun-2025 04:25:33 UTC] MOTTASL DEBUG: Calling order_handler->init().
[17-Jun-2025 04:25:33 UTC] MOTTASL DEBUG: Calling abandoned_cart_handler->init().
[17-Jun-2025 04:27:33 UTC] MOTTASL DEBUG: Calling admin_settings->init().
[17-Jun-2025 04:27:33 UTC] MOTTASL DEBUG: Calling order_handler->init().
[17-Jun-2025 04:27:33 UTC] MOTTASL DEBUG: Calling abandoned_cart_handler->init().
[17-Jun-2025 04:29:34 UTC] MOTTASL DEBUG: Calling admin_settings->init().
[17-Jun-2025 04:29:34 UTC] MOTTASL DEBUG: Calling order_handler->init().
[17-Jun-2025 04:29:34 UTC] MOTTASL DEBUG: Calling abandoned_cart_handler->init().
[17-Jun-2025 04:31:35 UTC] MOTTASL DEBUG: Calling admin_settings->init().
[17-Jun-2025 04:31:35 UTC] MOTTASL DEBUG: Calling order_handler->init().
[17-Jun-2025 04:31:35 UTC] MOTTASL DEBUG: Calling abandoned_cart_handler->init().
[17-Jun-2025 04:33:37 UTC] MOTTASL DEBUG: Calling admin_settings->init().
[17-Jun-2025 04:33:37 UTC] MOTTASL DEBUG: Calling order_handler->init().
[17-Jun-2025 04:33:37 UTC] MOTTASL DEBUG: Calling abandoned_cart_handler->init().
[17-Jun-2025 04:35:37 UTC] MOTTASL DEBUG: Calling admin_settings->init().
[17-Jun-2025 04:35:37 UTC] MOTTASL DEBUG: Calling order_handler->init().
[17-Jun-2025 04:35:37 UTC] MOTTASL DEBUG: Calling abandoned_cart_handler->init().
[17-Jun-2025 04:37:37 UTC] MOTTASL DEBUG: Calling admin_settings->init().
[17-Jun-2025 04:37:37 UTC] MOTTASL DEBUG: Calling order_handler->init().
[17-Jun-2025 04:37:37 UTC] MOTTASL DEBUG: Calling abandoned_cart_handler->init().
[17-Jun-2025 04:39:38 UTC] MOTTASL DEBUG: Calling admin_settings->init().
[17-Jun-2025 04:39:38 UTC] MOTTASL DEBUG: Calling order_handler->init().
[17-Jun-2025 04:39:38 UTC] MOTTASL DEBUG: Calling abandoned_cart_handler->init().
[17-Jun-2025 04:41:39 UTC] MOTTASL DEBUG: Calling admin_settings->init().
[17-Jun-2025 04:41:39 UTC] MOTTASL DEBUG: Calling order_handler->init().
[17-Jun-2025 04:41:39 UTC] MOTTASL DEBUG: Calling abandoned_cart_handler->init().
[17-Jun-2025 04:43:39 UTC] MOTTASL DEBUG: Calling admin_settings->init().
[17-Jun-2025 04:43:39 UTC] MOTTASL DEBUG: Calling order_handler->init().
[17-Jun-2025 04:43:39 UTC] MOTTASL DEBUG: Calling abandoned_cart_handler->init().
[17-Jun-2025 04:45:38 UTC] MOTTASL DEBUG: Calling admin_settings->init().
[17-Jun-2025 04:45:38 UTC] MOTTASL DEBUG: Calling order_handler->init().
[17-Jun-2025 04:45:38 UTC] MOTTASL DEBUG: Calling abandoned_cart_handler->init().
[17-Jun-2025 04:47:40 UTC] MOTTASL DEBUG: Calling admin_settings->init().
[17-Jun-2025 04:47:40 UTC] MOTTASL DEBUG: Calling order_handler->init().
[17-Jun-2025 04:47:40 UTC] MOTTASL DEBUG: Calling abandoned_cart_handler->init().
[17-Jun-2025 04:49:40 UTC] MOTTASL DEBUG: Calling admin_settings->init().
[17-Jun-2025 04:49:40 UTC] MOTTASL DEBUG: Calling order_handler->init().
[17-Jun-2025 04:49:40 UTC] MOTTASL DEBUG: Calling abandoned_cart_handler->init().
[17-Jun-2025 04:51:40 UTC] MOTTASL DEBUG: Calling admin_settings->init().
[17-Jun-2025 04:51:40 UTC] MOTTASL DEBUG: Calling order_handler->init().
[17-Jun-2025 04:51:40 UTC] MOTTASL DEBUG: Calling abandoned_cart_handler->init().
[17-Jun-2025 04:53:41 UTC] MOTTASL DEBUG: Calling admin_settings->init().
[17-Jun-2025 04:53:41 UTC] MOTTASL DEBUG: Calling order_handler->init().
[17-Jun-2025 04:53:41 UTC] MOTTASL DEBUG: Calling abandoned_cart_handler->init().
[17-Jun-2025 04:55:42 UTC] MOTTASL DEBUG: Calling admin_settings->init().
[17-Jun-2025 04:55:42 UTC] MOTTASL DEBUG: Calling order_handler->init().
[17-Jun-2025 04:55:42 UTC] MOTTASL DEBUG: Calling abandoned_cart_handler->init().
[17-Jun-2025 04:57:42 UTC] MOTTASL DEBUG: Calling admin_settings->init().
[17-Jun-2025 04:57:42 UTC] MOTTASL DEBUG: Calling order_handler->init().
[17-Jun-2025 04:57:42 UTC] MOTTASL DEBUG: Calling abandoned_cart_handler->init().
[17-Jun-2025 04:59:43 UTC] MOTTASL DEBUG: Calling admin_settings->init().
[17-Jun-2025 04:59:43 UTC] MOTTASL DEBUG: Calling order_handler->init().
[17-Jun-2025 04:59:43 UTC] MOTTASL DEBUG: Calling abandoned_cart_handler->init().
[17-Jun-2025 05:01:43 UTC] MOTTASL DEBUG: Calling admin_settings->init().
[17-Jun-2025 05:01:43 UTC] MOTTASL DEBUG: Calling order_handler->init().
[17-Jun-2025 05:01:43 UTC] MOTTASL DEBUG: Calling abandoned_cart_handler->init().
[17-Jun-2025 05:03:43 UTC] MOTTASL DEBUG: Calling admin_settings->init().
[17-Jun-2025 05:03:43 UTC] MOTTASL DEBUG: Calling order_handler->init().
[17-Jun-2025 05:03:43 UTC] MOTTASL DEBUG: Calling abandoned_cart_handler->init().
[17-Jun-2025 05:05:45 UTC] MOTTASL DEBUG: Calling admin_settings->init().
[17-Jun-2025 05:05:45 UTC] MOTTASL DEBUG: Calling order_handler->init().
[17-Jun-2025 05:05:45 UTC] MOTTASL DEBUG: Calling abandoned_cart_handler->init().
[17-Jun-2025 05:07:45 UTC] MOTTASL DEBUG: Calling admin_settings->init().
[17-Jun-2025 05:07:45 UTC] MOTTASL DEBUG: Calling order_handler->init().
[17-Jun-2025 05:07:45 UTC] MOTTASL DEBUG: Calling abandoned_cart_handler->init().
[17-Jun-2025 05:09:45 UTC] MOTTASL DEBUG: Calling admin_settings->init().
[17-Jun-2025 05:09:45 UTC] MOTTASL DEBUG: Calling order_handler->init().
[17-Jun-2025 05:09:45 UTC] MOTTASL DEBUG: Calling abandoned_cart_handler->init().
[17-Jun-2025 05:11:46 UTC] MOTTASL DEBUG: Calling admin_settings->init().
[17-Jun-2025 05:11:46 UTC] MOTTASL DEBUG: Calling order_handler->init().
[17-Jun-2025 05:11:46 UTC] MOTTASL DEBUG: Calling abandoned_cart_handler->init().
[17-Jun-2025 05:13:47 UTC] MOTTASL DEBUG: Calling admin_settings->init().
[17-Jun-2025 05:13:47 UTC] MOTTASL DEBUG: Calling order_handler->init().
[17-Jun-2025 05:13:47 UTC] MOTTASL DEBUG: Calling abandoned_cart_handler->init().
[17-Jun-2025 05:15:48 UTC] MOTTASL DEBUG: Calling admin_settings->init().
[17-Jun-2025 05:15:48 UTC] MOTTASL DEBUG: Calling order_handler->init().
[17-Jun-2025 05:15:48 UTC] MOTTASL DEBUG: Calling abandoned_cart_handler->init().
[17-Jun-2025 05:17:48 UTC] MOTTASL DEBUG: Calling admin_settings->init().
[17-Jun-2025 05:17:48 UTC] MOTTASL DEBUG: Calling order_handler->init().
[17-Jun-2025 05:17:48 UTC] MOTTASL DEBUG: Calling abandoned_cart_handler->init().
[17-Jun-2025 05:19:49 UTC] MOTTASL DEBUG: Calling admin_settings->init().
[17-Jun-2025 05:19:49 UTC] MOTTASL DEBUG: Calling order_handler->init().
[17-Jun-2025 05:19:49 UTC] MOTTASL DEBUG: Calling abandoned_cart_handler->init().
[17-Jun-2025 05:21:49 UTC] MOTTASL DEBUG: Calling admin_settings->init().
[17-Jun-2025 05:21:49 UTC] MOTTASL DEBUG: Calling order_handler->init().
[17-Jun-2025 05:21:49 UTC] MOTTASL DEBUG: Calling abandoned_cart_handler->init().
[17-Jun-2025 05:23:50 UTC] MOTTASL DEBUG: Calling admin_settings->init().
[17-Jun-2025 05:23:50 UTC] MOTTASL DEBUG: Calling order_handler->init().
[17-Jun-2025 05:23:50 UTC] MOTTASL DEBUG: Calling abandoned_cart_handler->init().
[17-Jun-2025 05:25:50 UTC] MOTTASL DEBUG: Calling admin_settings->init().
[17-Jun-2025 05:25:50 UTC] MOTTASL DEBUG: Calling order_handler->init().
[17-Jun-2025 05:25:50 UTC] MOTTASL DEBUG: Calling abandoned_cart_handler->init().
[17-Jun-2025 05:27:50 UTC] MOTTASL DEBUG: Calling admin_settings->init().
[17-Jun-2025 05:27:50 UTC] MOTTASL DEBUG: Calling order_handler->init().
[17-Jun-2025 05:27:50 UTC] MOTTASL DEBUG: Calling abandoned_cart_handler->init().
[17-Jun-2025 05:29:50 UTC] MOTTASL DEBUG: Calling admin_settings->init().
[17-Jun-2025 05:29:50 UTC] MOTTASL DEBUG: Calling order_handler->init().
[17-Jun-2025 05:29:50 UTC] MOTTASL DEBUG: Calling abandoned_cart_handler->init().
[17-Jun-2025 05:31:51 UTC] MOTTASL DEBUG: Calling admin_settings->init().
[17-Jun-2025 05:31:51 UTC] MOTTASL DEBUG: Calling order_handler->init().
[17-Jun-2025 05:31:51 UTC] MOTTASL DEBUG: Calling abandoned_cart_handler->init().
[17-Jun-2025 05:33:52 UTC] MOTTASL DEBUG: Calling admin_settings->init().
[17-Jun-2025 05:33:52 UTC] MOTTASL DEBUG: Calling order_handler->init().
[17-Jun-2025 05:33:52 UTC] MOTTASL DEBUG: Calling abandoned_cart_handler->init().
[17-Jun-2025 05:35:53 UTC] MOTTASL DEBUG: Calling admin_settings->init().
[17-Jun-2025 05:35:53 UTC] MOTTASL DEBUG: Calling order_handler->init().
[17-Jun-2025 05:35:53 UTC] MOTTASL DEBUG: Calling abandoned_cart_handler->init().
[17-Jun-2025 05:37:53 UTC] MOTTASL DEBUG: Calling admin_settings->init().
[17-Jun-2025 05:37:53 UTC] MOTTASL DEBUG: Calling order_handler->init().
[17-Jun-2025 05:37:53 UTC] MOTTASL DEBUG: Calling abandoned_cart_handler->init().
[17-Jun-2025 05:39:53 UTC] MOTTASL DEBUG: Calling admin_settings->init().
[17-Jun-2025 05:39:53 UTC] MOTTASL DEBUG: Calling order_handler->init().
[17-Jun-2025 05:39:53 UTC] MOTTASL DEBUG: Calling abandoned_cart_handler->init().
[17-Jun-2025 05:41:54 UTC] MOTTASL DEBUG: Calling admin_settings->init().
[17-Jun-2025 05:41:54 UTC] MOTTASL DEBUG: Calling order_handler->init().
[17-Jun-2025 05:41:54 UTC] MOTTASL DEBUG: Calling abandoned_cart_handler->init().
[17-Jun-2025 05:43:55 UTC] MOTTASL DEBUG: Calling admin_settings->init().
[17-Jun-2025 05:43:55 UTC] MOTTASL DEBUG: Calling order_handler->init().
[17-Jun-2025 05:43:55 UTC] MOTTASL DEBUG: Calling abandoned_cart_handler->init().
[17-Jun-2025 05:45:54 UTC] MOTTASL DEBUG: Calling admin_settings->init().
[17-Jun-2025 05:45:54 UTC] MOTTASL DEBUG: Calling order_handler->init().
[17-Jun-2025 05:45:54 UTC] MOTTASL DEBUG: Calling abandoned_cart_handler->init().
[17-Jun-2025 05:47:55 UTC] MOTTASL DEBUG: Calling admin_settings->init().
[17-Jun-2025 05:47:55 UTC] MOTTASL DEBUG: Calling order_handler->init().
[17-Jun-2025 05:47:55 UTC] MOTTASL DEBUG: Calling abandoned_cart_handler->init().
[17-Jun-2025 05:49:56 UTC] MOTTASL DEBUG: Calling admin_settings->init().
[17-Jun-2025 05:49:56 UTC] MOTTASL DEBUG: Calling order_handler->init().
[17-Jun-2025 05:49:56 UTC] MOTTASL DEBUG: Calling abandoned_cart_handler->init().
[17-Jun-2025 05:51:57 UTC] MOTTASL DEBUG: Calling admin_settings->init().
[17-Jun-2025 05:51:57 UTC] MOTTASL DEBUG: Calling order_handler->init().
[17-Jun-2025 05:51:57 UTC] MOTTASL DEBUG: Calling abandoned_cart_handler->init().
[17-Jun-2025 05:53:56 UTC] MOTTASL DEBUG: Calling admin_settings->init().
[17-Jun-2025 05:53:56 UTC] MOTTASL DEBUG: Calling order_handler->init().
[17-Jun-2025 05:53:56 UTC] MOTTASL DEBUG: Calling abandoned_cart_handler->init().
[17-Jun-2025 05:55:57 UTC] MOTTASL DEBUG: Calling admin_settings->init().
[17-Jun-2025 05:55:57 UTC] MOTTASL DEBUG: Calling order_handler->init().
[17-Jun-2025 05:55:57 UTC] MOTTASL DEBUG: Calling abandoned_cart_handler->init().
[17-Jun-2025 05:57:58 UTC] MOTTASL DEBUG: Calling admin_settings->init().
[17-Jun-2025 05:57:58 UTC] MOTTASL DEBUG: Calling order_handler->init().
[17-Jun-2025 05:57:58 UTC] MOTTASL DEBUG: Calling abandoned_cart_handler->init().
[17-Jun-2025 05:59:58 UTC] MOTTASL DEBUG: Calling admin_settings->init().
[17-Jun-2025 05:59:58 UTC] MOTTASL DEBUG: Calling order_handler->init().
[17-Jun-2025 05:59:58 UTC] MOTTASL DEBUG: Calling abandoned_cart_handler->init().
[17-Jun-2025 06:01:58 UTC] MOTTASL DEBUG: Calling admin_settings->init().
[17-Jun-2025 06:01:58 UTC] MOTTASL DEBUG: Calling order_handler->init().
[17-Jun-2025 06:01:58 UTC] MOTTASL DEBUG: Calling abandoned_cart_handler->init().
[17-Jun-2025 06:04:00 UTC] MOTTASL DEBUG: Calling admin_settings->init().
[17-Jun-2025 06:04:00 UTC] MOTTASL DEBUG: Calling order_handler->init().
[17-Jun-2025 06:04:00 UTC] MOTTASL DEBUG: Calling abandoned_cart_handler->init().
[17-Jun-2025 06:06:00 UTC] MOTTASL DEBUG: Calling admin_settings->init().
[17-Jun-2025 06:06:00 UTC] MOTTASL DEBUG: Calling order_handler->init().
[17-Jun-2025 06:06:00 UTC] MOTTASL DEBUG: Calling abandoned_cart_handler->init().
[17-Jun-2025 06:08:01 UTC] MOTTASL DEBUG: Calling admin_settings->init().
[17-Jun-2025 06:08:01 UTC] MOTTASL DEBUG: Calling order_handler->init().
[17-Jun-2025 06:08:01 UTC] MOTTASL DEBUG: Calling abandoned_cart_handler->init().
[17-Jun-2025 06:10:02 UTC] MOTTASL DEBUG: Calling admin_settings->init().
[17-Jun-2025 06:10:02 UTC] MOTTASL DEBUG: Calling order_handler->init().
[17-Jun-2025 06:10:02 UTC] MOTTASL DEBUG: Calling abandoned_cart_handler->init().
[17-Jun-2025 06:12:02 UTC] MOTTASL DEBUG: Calling admin_settings->init().
[17-Jun-2025 06:12:02 UTC] MOTTASL DEBUG: Calling order_handler->init().
[17-Jun-2025 06:12:02 UTC] MOTTASL DEBUG: Calling abandoned_cart_handler->init().
[17-Jun-2025 06:14:02 UTC] MOTTASL DEBUG: Calling admin_settings->init().
[17-Jun-2025 06:14:02 UTC] MOTTASL DEBUG: Calling order_handler->init().
[17-Jun-2025 06:14:02 UTC] MOTTASL DEBUG: Calling abandoned_cart_handler->init().
[17-Jun-2025 06:16:04 UTC] MOTTASL DEBUG: Calling admin_settings->init().
[17-Jun-2025 06:16:04 UTC] MOTTASL DEBUG: Calling order_handler->init().
[17-Jun-2025 06:16:04 UTC] MOTTASL DEBUG: Calling abandoned_cart_handler->init().
[17-Jun-2025 06:18:03 UTC] MOTTASL DEBUG: Calling admin_settings->init().
[17-Jun-2025 06:18:03 UTC] MOTTASL DEBUG: Calling order_handler->init().
[17-Jun-2025 06:18:03 UTC] MOTTASL DEBUG: Calling abandoned_cart_handler->init().
[17-Jun-2025 06:20:04 UTC] MOTTASL DEBUG: Calling admin_settings->init().
[17-Jun-2025 06:20:04 UTC] MOTTASL DEBUG: Calling order_handler->init().
[17-Jun-2025 06:20:04 UTC] MOTTASL DEBUG: Calling abandoned_cart_handler->init().
[17-Jun-2025 06:22:06 UTC] MOTTASL DEBUG: Calling admin_settings->init().
[17-Jun-2025 06:22:06 UTC] MOTTASL DEBUG: Calling order_handler->init().
[17-Jun-2025 06:22:06 UTC] MOTTASL DEBUG: Calling abandoned_cart_handler->init().
[17-Jun-2025 06:24:06 UTC] MOTTASL DEBUG: Calling admin_settings->init().
[17-Jun-2025 06:24:06 UTC] MOTTASL DEBUG: Calling order_handler->init().
[17-Jun-2025 06:24:06 UTC] MOTTASL DEBUG: Calling abandoned_cart_handler->init().
[17-Jun-2025 06:26:08 UTC] MOTTASL DEBUG: Calling admin_settings->init().
[17-Jun-2025 06:26:08 UTC] MOTTASL DEBUG: Calling order_handler->init().
[17-Jun-2025 06:26:08 UTC] MOTTASL DEBUG: Calling abandoned_cart_handler->init().
[17-Jun-2025 06:28:08 UTC] MOTTASL DEBUG: Calling admin_settings->init().
[17-Jun-2025 06:28:08 UTC] MOTTASL DEBUG: Calling order_handler->init().
[17-Jun-2025 06:28:08 UTC] MOTTASL DEBUG: Calling abandoned_cart_handler->init().
[17-Jun-2025 06:30:09 UTC] MOTTASL DEBUG: Calling admin_settings->init().
[17-Jun-2025 06:30:09 UTC] MOTTASL DEBUG: Calling order_handler->init().
[17-Jun-2025 06:30:09 UTC] MOTTASL DEBUG: Calling abandoned_cart_handler->init().
[17-Jun-2025 06:32:09 UTC] MOTTASL DEBUG: Calling admin_settings->init().
[17-Jun-2025 06:32:09 UTC] MOTTASL DEBUG: Calling order_handler->init().
[17-Jun-2025 06:32:09 UTC] MOTTASL DEBUG: Calling abandoned_cart_handler->init().
[17-Jun-2025 06:34:09 UTC] MOTTASL DEBUG: Calling admin_settings->init().
[17-Jun-2025 06:34:09 UTC] MOTTASL DEBUG: Calling order_handler->init().
[17-Jun-2025 06:34:09 UTC] MOTTASL DEBUG: Calling abandoned_cart_handler->init().
[17-Jun-2025 06:36:09 UTC] MOTTASL DEBUG: Calling admin_settings->init().
[17-Jun-2025 06:36:09 UTC] MOTTASL DEBUG: Calling order_handler->init().
[17-Jun-2025 06:36:09 UTC] MOTTASL DEBUG: Calling abandoned_cart_handler->init().
[17-Jun-2025 06:38:09 UTC] MOTTASL DEBUG: Calling admin_settings->init().
[17-Jun-2025 06:38:09 UTC] MOTTASL DEBUG: Calling order_handler->init().
[17-Jun-2025 06:38:09 UTC] MOTTASL DEBUG: Calling abandoned_cart_handler->init().
[17-Jun-2025 06:40:11 UTC] MOTTASL DEBUG: Calling admin_settings->init().
[17-Jun-2025 06:40:11 UTC] MOTTASL DEBUG: Calling order_handler->init().
[17-Jun-2025 06:40:11 UTC] MOTTASL DEBUG: Calling abandoned_cart_handler->init().
[17-Jun-2025 06:42:12 UTC] MOTTASL DEBUG: Calling admin_settings->init().
[17-Jun-2025 06:42:12 UTC] MOTTASL DEBUG: Calling order_handler->init().
[17-Jun-2025 06:42:12 UTC] MOTTASL DEBUG: Calling abandoned_cart_handler->init().
[17-Jun-2025 06:44:13 UTC] MOTTASL DEBUG: Calling admin_settings->init().
[17-Jun-2025 06:44:13 UTC] MOTTASL DEBUG: Calling order_handler->init().
[17-Jun-2025 06:44:13 UTC] MOTTASL DEBUG: Calling abandoned_cart_handler->init().
[17-Jun-2025 06:46:14 UTC] MOTTASL DEBUG: Calling admin_settings->init().
[17-Jun-2025 06:46:14 UTC] MOTTASL DEBUG: Calling order_handler->init().
[17-Jun-2025 06:46:14 UTC] MOTTASL DEBUG: Calling abandoned_cart_handler->init().
[17-Jun-2025 06:48:14 UTC] MOTTASL DEBUG: Calling admin_settings->init().
[17-Jun-2025 06:48:14 UTC] MOTTASL DEBUG: Calling order_handler->init().
[17-Jun-2025 06:48:14 UTC] MOTTASL DEBUG: Calling abandoned_cart_handler->init().
[17-Jun-2025 06:50:14 UTC] MOTTASL DEBUG: Calling admin_settings->init().
[17-Jun-2025 06:50:14 UTC] MOTTASL DEBUG: Calling order_handler->init().
[17-Jun-2025 06:50:14 UTC] MOTTASL DEBUG: Calling abandoned_cart_handler->init().
[17-Jun-2025 06:52:14 UTC] MOTTASL DEBUG: Calling admin_settings->init().
[17-Jun-2025 06:52:14 UTC] MOTTASL DEBUG: Calling order_handler->init().
[17-Jun-2025 06:52:14 UTC] MOTTASL DEBUG: Calling abandoned_cart_handler->init().
[17-Jun-2025 06:54:15 UTC] MOTTASL DEBUG: Calling admin_settings->init().
[17-Jun-2025 06:54:15 UTC] MOTTASL DEBUG: Calling order_handler->init().
[17-Jun-2025 06:54:15 UTC] MOTTASL DEBUG: Calling abandoned_cart_handler->init().
[17-Jun-2025 06:56:17 UTC] MOTTASL DEBUG: Calling admin_settings->init().
[17-Jun-2025 06:56:17 UTC] MOTTASL DEBUG: Calling order_handler->init().
[17-Jun-2025 06:56:17 UTC] MOTTASL DEBUG: Calling abandoned_cart_handler->init().
[17-Jun-2025 06:58:17 UTC] MOTTASL DEBUG: Calling admin_settings->init().
[17-Jun-2025 06:58:17 UTC] MOTTASL DEBUG: Calling order_handler->init().
[17-Jun-2025 06:58:17 UTC] MOTTASL DEBUG: Calling abandoned_cart_handler->init().
[17-Jun-2025 07:00:17 UTC] MOTTASL DEBUG: Calling admin_settings->init().
[17-Jun-2025 07:00:17 UTC] MOTTASL DEBUG: Calling order_handler->init().
[17-Jun-2025 07:00:17 UTC] MOTTASL DEBUG: Calling abandoned_cart_handler->init().
[17-Jun-2025 07:02:17 UTC] MOTTASL DEBUG: Calling admin_settings->init().
[17-Jun-2025 07:02:17 UTC] MOTTASL DEBUG: Calling order_handler->init().
[17-Jun-2025 07:02:17 UTC] MOTTASL DEBUG: Calling abandoned_cart_handler->init().
[17-Jun-2025 07:04:17 UTC] MOTTASL DEBUG: Calling admin_settings->init().
[17-Jun-2025 07:04:17 UTC] MOTTASL DEBUG: Calling order_handler->init().
[17-Jun-2025 07:04:17 UTC] MOTTASL DEBUG: Calling abandoned_cart_handler->init().
[17-Jun-2025 07:06:16 UTC] MOTTASL DEBUG: Calling admin_settings->init().
[17-Jun-2025 07:06:16 UTC] MOTTASL DEBUG: Calling order_handler->init().
[17-Jun-2025 07:06:16 UTC] MOTTASL DEBUG: Calling abandoned_cart_handler->init().
[17-Jun-2025 07:08:18 UTC] MOTTASL DEBUG: Calling admin_settings->init().
[17-Jun-2025 07:08:18 UTC] MOTTASL DEBUG: Calling order_handler->init().
[17-Jun-2025 07:08:18 UTC] MOTTASL DEBUG: Calling abandoned_cart_handler->init().
[17-Jun-2025 07:10:18 UTC] MOTTASL DEBUG: Calling admin_settings->init().
[17-Jun-2025 07:10:18 UTC] MOTTASL DEBUG: Calling order_handler->init().
[17-Jun-2025 07:10:18 UTC] MOTTASL DEBUG: Calling abandoned_cart_handler->init().
[17-Jun-2025 07:12:19 UTC] MOTTASL DEBUG: Calling admin_settings->init().
[17-Jun-2025 07:12:19 UTC] MOTTASL DEBUG: Calling order_handler->init().
[17-Jun-2025 07:12:19 UTC] MOTTASL DEBUG: Calling abandoned_cart_handler->init().
[17-Jun-2025 07:14:19 UTC] MOTTASL DEBUG: Calling admin_settings->init().
[17-Jun-2025 07:14:19 UTC] MOTTASL DEBUG: Calling order_handler->init().
[17-Jun-2025 07:14:19 UTC] MOTTASL DEBUG: Calling abandoned_cart_handler->init().
[17-Jun-2025 07:16:19 UTC] MOTTASL DEBUG: Calling admin_settings->init().
[17-Jun-2025 07:16:19 UTC] MOTTASL DEBUG: Calling order_handler->init().
[17-Jun-2025 07:16:19 UTC] MOTTASL DEBUG: Calling abandoned_cart_handler->init().
[17-Jun-2025 13:54:31 UTC] MOTTASL DEBUG: Calling admin_settings->init().
[17-Jun-2025 13:54:31 UTC] MOTTASL DEBUG: Calling order_handler->init().
[17-Jun-2025 13:54:31 UTC] MOTTASL DEBUG: Calling abandoned_cart_handler->init().
[17-Jun-2025 13:55:33 UTC] MOTTASL DEBUG: Calling admin_settings->init().
[17-Jun-2025 13:55:33 UTC] MOTTASL DEBUG: Calling order_handler->init().
[17-Jun-2025 13:55:33 UTC] MOTTASL DEBUG: Calling abandoned_cart_handler->init().
[17-Jun-2025 13:55:36 UTC] MOTTASL DEBUG: Calling admin_settings->init().
[17-Jun-2025 13:55:36 UTC] MOTTASL DEBUG: Calling order_handler->init().
[17-Jun-2025 13:55:36 UTC] MOTTASL DEBUG: Calling abandoned_cart_handler->init().
[17-Jun-2025 13:56:41 UTC] MOTTASL DEBUG: Calling admin_settings->init().
[17-Jun-2025 13:56:41 UTC] MOTTASL DEBUG: Calling order_handler->init().
[17-Jun-2025 13:56:41 UTC] MOTTASL DEBUG: Calling abandoned_cart_handler->init().
[17-Jun-2025 13:57:41 UTC] MOTTASL DEBUG: Calling admin_settings->init().
[17-Jun-2025 13:57:41 UTC] MOTTASL DEBUG: Calling order_handler->init().
[17-Jun-2025 13:57:41 UTC] MOTTASL DEBUG: Calling abandoned_cart_handler->init().
[17-Jun-2025 13:58:41 UTC] MOTTASL DEBUG: Calling admin_settings->init().
[17-Jun-2025 13:58:41 UTC] MOTTASL DEBUG: Calling order_handler->init().
[17-Jun-2025 13:58:41 UTC] MOTTASL DEBUG: Calling abandoned_cart_handler->init().
[17-Jun-2025 14:00:41 UTC] MOTTASL DEBUG: Calling admin_settings->init().
[17-Jun-2025 14:00:41 UTC] MOTTASL DEBUG: Calling order_handler->init().
[17-Jun-2025 14:00:41 UTC] MOTTASL DEBUG: Calling abandoned_cart_handler->init().
[17-Jun-2025 14:02:42 UTC] MOTTASL DEBUG: Calling admin_settings->init().
[17-Jun-2025 14:02:42 UTC] MOTTASL DEBUG: Calling order_handler->init().
[17-Jun-2025 14:02:42 UTC] MOTTASL DEBUG: Calling abandoned_cart_handler->init().
